make.exe all --print-data-base --no-builtin-variables --no-builtin-rules --question
# GNU Make 4.4.1
# Built for x86_64-pc-msys
# Copyright (C) 1988-2023 Free Software Foundation, Inc.
# License GPLv3+: GNU GPL version 3 or later <https://gnu.org/licenses/gpl.html>
# This is free software: you are free to change and redistribute it.
# There is NO WARRANTY, to the extent permitted by law.
 

# Make data base, printed on Fri Dec 13 07:09:01 2024

# Variables

# environment
SYSTEMDRIVE = C:
# environment
LC_ALL = C
# environment
USERPROFILE = C:\Users\Labs-G300
 
# environment
LOCALAPPDATA = C:\Users\Labs-G300\AppData\Local
# makefile (from 'Makefile', line 6)
SRC_DIR = src
# environment
VSCODE_CRASH_REPORTER_PROCESS_TYPE = extensionHost
# environment
VSCODE_CWD = C:\Users\Labs-G300\AppData\Local\Programs\Microsoft VS Code
# environment
SYSTEMROOT = C:\Windows
# environment
PROCESSOR_LEVEL = 6
# environment
PSMODULEPATH = C:\Program Files\WindowsPowerShell\Modules;C:\Windows\system32\WindowsPowerShell\v1.0\Modules
# default
MAKE_COMMAND := make
# automatic
@D = $(patsubst %/,%,$(dir $@))
# environment
CHROME_CRASHPAD_PIPE_NAME = \\.\pipe\crashpad_10120_CKTWUIBYJPVROQGW
# makefile (from 'Makefile', line 7)
INCLUDE_DIR = include
# environment
VSCODE_HANDLES_UNCAUGHT_ERRORS = true
# default
.VARIABLES := 
# automatic
%D = $(patsubst %/,%,$(dir $%))
# automatic
^D = $(patsubst %/,%,$(dir $^))
# automatic
%F = $(notdir $%)
# environment
VSCODE_CODE_CACHE_PATH = C:\Users\Labs-G300\AppData\Roaming\Code\CachedData\f1a4fb101478ce6ec82fe9627c43efbf9e98c813
# makefile (from 'Makefile', line 9)
DATA_DIR = data
# environment
LANG = C
# default
.LOADED := 
# environment
TMP = /c/Users/LABS-G~1/AppData/Local/Temp
# default
.INCLUDE_DIRS := /usr/include
# makefile
MAKEFLAGS = pqrR
# environment
ONEDRIVE = C:\Users\Labs-G300\OneDrive
# makefile
CURDIR := /c/Users/Labs-G300/Documents/PERSONAL-REPOSITORY/parking_system
# environment
APPLICATION_INSIGHTS_NO_DIAGNOSTIC_CHANNEL = true
# automatic
*D = $(patsubst %/,%,$(dir $*))
# environment
PROGRAMFILES = C:\Program Files
# environment
MFLAGS = -pqrR
# default
.SHELLFLAGS := -c
# environment
!C: = c:\Users\Labs-G300\Documents\PERSONAL-REPOSITORY\parking_system
# environment
COMMONPROGRAMW6432 = C:\Program Files\Common Files
# automatic
+D = $(patsubst %/,%,$(dir $+))
# makefile (from 'Makefile', line 1)
MAKEFILE_LIST := Makefile
# automatic
@F = $(notdir $@)
# environment
VSCODE_PID = 10120
# automatic
?D = $(patsubst %/,%,$(dir $?))
# automatic
*F = $(notdir $*)
# automatic
<D = $(patsubst %/,%,$(dir $<))
# makefile (from 'Makefile', line 16)
EXEC = parking_system
# environment
VSCODE_NLS_CONFIG = {"userLocale":"en-us","osLocale":"es-es","resolvedLanguage":"en","defaultMessagesFile":"C:\\Users\\Labs-G300\\AppData\\Local\\Programs\\Microsoft VS Code\\resources\\app\\out\\nls.messages.json","locale":"en-us","availableLanguages":{}}
# default
MAKE_HOST := x86_64-pc-msys
# environment
PROGRAMDATA = C:\ProgramData
# default
SHELL := /bin/sh
# environment
HOMEPATH = \Users\Labs-G300
# default
MAKECMDGOALS := all
# environment
DRIVERDATA = C:\Windows\System32\Drivers\DriverData
# environment
COMSPEC = C:\Windows\system32\cmd.exe
# environment
WINDIR = C:\Windows
# environment
MAKELEVEL := 0
# default
MAKE = $(MAKE_COMMAND)
# environment
PATH = /c/Program Files/Common Files/Oracle/Java/javapath:/c/Windows/system32:/c/Windows:/c/Windows/System32/Wbem:/c/Windows/System32/WindowsPowerShell/v1.0:/c/Windows/System32/OpenSSH:/c/Program Files/Git/cmd:/mingw64/bin:/c/Program Files/dotnet:/c/Program Files (x86)/Windows Kits/10/Windows Performance Toolkit:/usr/bin:/mingw64/bin:/usr/bin:/mingw64/bin:/c/Users/Labs-G300/AppData/Local/Microsoft/WindowsApps:/c/Users/Labs-G300/AppData/Local/Programs/Microsoft VS Code/bin:/c/Users/Labs-G300/.dotnet/tools
# environment
COMPUTERNAME = DESKTOP-H8KE6V1
# default
MAKEFILES := 
# automatic
^F = $(notdir $^)
# environment
PROMPT = $P$G
# environment
LOGONSERVER = \\DESKTOP-H8KE6V1
# environment
USERNAME = Laboratorios DCCO
# environment
COMMONPROGRAMFILES = C:\Program Files\Common Files
# automatic
?F = $(notdir $?)
# environment
PROGRAMW6432 = C:\Program Files
# environment
PATHEXT = .COM;.EXE;.BAT;.CMD;.VBS;.VBE;.JS;.JSE;.WSF;.WSH;.MSC
# automatic
+F = $(notdir $+)
# environment
ORIGINAL_XDG_CURRENT_DESKTOP = undefined
# makefile (from 'Makefile', line 13)
OBJECTS = $(patsubst $(SRC_DIR)/%.cpp,$(BUILD_DIR)/%.o,$(SOURCES))
# environment
USERDOMAIN = DESKTOP-H8KE6V1
# 'override' directive
GNUMAKEFLAGS := 
# environment
OS = Windows_NT
# makefile
.DEFAULT_GOAL := all
# default
MAKE_VERSION := 4.4.1
# environment
PROGRAMFILES(X86) = C:\Program Files (x86)
# makefile (from 'Makefile', line 3)
LDFLAGS = 
# environment
USERDOMAIN_ROAMINGPROFILE = DESKTOP-H8KE6V1
# environment
NUMBER_OF_PROCESSORS = 4
# environment
PUBLIC = C:\Users\Public
# environment
APPDATA = C:\Users\Labs-G300\AppData\Roaming
# environment
HOMEDRIVE = C:
# environment
EFC_9868 = 1
# environment
PROCESSOR_ARCHITECTURE = AMD64
# makefile (from 'Makefile', line 8)
BUILD_DIR = build
# environment
HOME = /home/Laboratorios DCCO
# environment
COMMONPROGRAMFILES(X86) = C:\Program Files (x86)\Common Files
# environment
ELECTRON_RUN_AS_NODE = 1
# environment
TEMP = /c/Users/LABS-G~1/AppData/Local/Temp
# environment
VSCODE_IPC_HOOK = \\.\pipe\05479bbe-1.95.3-main-sock
# environment
TERM = xterm-256color
# default
.RECIPEPREFIX := 
# automatic
<F = $(notdir $<)
# default
SUFFIXES := 
# environment
ALLUSERSPROFILE = C:\ProgramData
# environment
SESSIONNAME = Console
# makefile (from 'Makefile', line 2)
CXXFLAGS = -std=c++17 -Wall -Wextra -Iinclude
# default
.FEATURES := target-specific order-only second-expansion else-if shortest-stem undefine oneshell nocomment grouped-target extra-prereqs notintermediate shell-export archives jobserver output-sync check-symlink load dospaths
# environment
PROCESSOR_REVISION = 2505
# makefile (from 'Makefile', line 1)
CXX = g++
# makefile (from 'Makefile', line 12)
SOURCES = $(wildcard $(SRC_DIR)/*.cpp)
# environment
VSCODE_ESM_ENTRYPOINT = vs/workbench/api/node/extensionHostProcess
# environment
PROCESSOR_IDENTIFIER = Intel64 Family 6 Model 37 Stepping 5, GenuineIntel
# variable set hash-table stats:
 
# Load=101/1024=10%, Rehash=0, Collisions=14/145=10%

# Pattern-specific Variable Values

# No pattern-specific variable values.

# Directories

# src (device 3601132067, inode 844424930761938): 9 files, no impossibilities.
# . (device 3601132067, inode 1407374884183232): 11 files, no impossibilities.

# 20 files, no impossibilities in 2 directories.

 
# Implicit Rules

build/%.o: src/%.cpp
#  recipe to execute (from 'Makefile', line 34):
	$(CXX) $(CXXFLAGS) -c $< -o $@

# 1 implicit rules, 0 (0.0%) terminal.
# Files

parking_system: build/cipher.o build/history_manager.o build/input_validator.o build/main.o build/parking_manager.o build/token_manager.o build/vehicle.o
#  Implicit rule search has not been done.
#  Last modified 2024-12-13 07:08:37.6954918
#  File has been updated.
#  Needs to be updated (-q is set).
# variable set hash-table stats:
# Load=0/32=0%, Rehash=0, Collisions=0/5=0%
#  recipe to execute (from 'Makefile', line 30):
	$(CXX) $(CXXFLAGS) -o $@ $^ $(LDFLAGS)

# Not a target:
src/cipher.cpp:
#  Implicit rule search has been done.
#  File is secondary (prerequisite of .SECONDARY).
#  Last modified 2024-12-09 07:15:00.2365456
#  File has been updated.
#  Successfully updated.

# Not a target:
Makefile:
#  Implicit rule search has been done.
#  File is secondary (prerequisite of .SECONDARY).
#  Last modified 2024-12-09 07:15:00.1428025
#  File has been updated.
#  Successfully updated.

clean:
#  Phony target (prerequisite of .PHONY).
#  Implicit rule search has not been done.
#  File does not exist.
#  File has not been updated.
#  recipe to execute (from 'Makefile', line 38):
	rm -rf $(BUILD_DIR) $(EXEC)

# Not a target:
build/vehicle.o:
#  Implicit rule search has not been done.
#  Modification time never checked.
#  File has not been updated.

build/cipher.o: src/cipher.cpp
#  Implicit rule search has been done.
#  Implicit/static pattern stem: 'cipher'
#  File is secondary (prerequisite of .SECONDARY).
#  Last modified 2024-12-13 07:08:37.4255082
#  File has been updated.
#  Successfully updated.
#  recipe to execute (from 'Makefile', line 34):
	$(CXX) $(CXXFLAGS) -c $< -o $@

# Not a target:
build/token_manager.o:
#  Implicit rule search has not been done.
#  Modification time never checked.
#  File has not been updated.

# Not a target:
src/input_validator.cpp:
#  Implicit rule search has been done.
#  File is secondary (prerequisite of .SECONDARY).
#  Last modified 2024-12-13 07:08:37.6994923
#  File has been updated.
#  Successfully updated.

# Not a target:
.DEFAULT:
#  Implicit rule search has not been done.
#  Modification time never checked.
#  File has not been updated.

all: build data parking_system
#  Phony target (prerequisite of .PHONY).
#  Command line target.
#  Implicit rule search has not been done.
#  File does not exist.
#  File has been updated.
#  Needs to be updated (-q is set).
# variable set hash-table stats:
# Load=0/32=0%, Rehash=0, Collisions=0/5=0%

build:
#  Implicit rule search has not been done.
#  File is secondary (prerequisite of .SECONDARY).
#  Last modified 2024-12-13 07:08:37.6654927
#  File has been updated.
#  Successfully updated.
#  recipe to execute (from 'Makefile', line 23):
	mkdir -p $(BUILD_DIR)

data:
#  Implicit rule search has not been done.
#  File is secondary (prerequisite of .SECONDARY).
#  Last modified 2024-12-13 07:08:37.6784927
#  File has been updated.
#  Successfully updated.
#  recipe to execute (from 'Makefile', line 26):
	mkdir -p $(DATA_DIR)

build/input_validator.o: src/input_validator.cpp
#  Implicit rule search has been done.
#  Implicit/static pattern stem: 'input_validator'
#  Last modified 2024-12-13 07:08:37.5715
#  File has been updated.
#  Needs to be updated (-q is set).
# automatic
# @ := build/input_validator.o
# automatic
# * := input_validator
# automatic
# < := src/input_validator.cpp
# automatic
# + := src/input_validator.cpp
# automatic
# % := 
# automatic
# ^ := src/input_validator.cpp
# automatic
# ? := src/input_validator.cpp
# automatic
# | := 
# variable set hash-table stats:
# Load=8/32=25%, Rehash=0, Collisions=1/15=7%
#  recipe to execute (from 'Makefile', line 34):
	$(CXX) $(CXXFLAGS) -c $< -o $@

# Not a target:
build/parking_manager.o:
#  Implicit rule search has not been done.
#  Modification time never checked.
#  File has not been updated.

# Not a target:
src/history_manager.cpp:
#  Implicit rule search has been done.
#  File is secondary (prerequisite of .SECONDARY).
#  Last modified 2024-12-09 07:15:00.2365456
#  File has been updated.
#  Successfully updated.

# Not a target:
build/main.o:
#  Implicit rule search has not been done.
#  Modification time never checked.
#  File has not been updated.

.PHONY: all clean
#  Implicit rule search has not been done.
#  Modification time never checked.
#  File has not been updated.

build/history_manager.o: src/history_manager.cpp
#  Implicit rule search has been done.
#  Implicit/static pattern stem: 'history_manager'
#  File is secondary (prerequisite of .SECONDARY).
#  Last modified 2024-12-13 07:08:37.5504995
#  File has been updated.
#  Successfully updated.
#  recipe to execute (from 'Makefile', line 34):
	$(CXX) $(CXXFLAGS) -c $< -o $@

# files hash-table stats:
# Load=19/1024=2%, Rehash=0, Collisions=0/55=0%
# VPATH Search Paths

# No 'vpath' search paths.

# No general ('VPATH' variable) search path.

# strcache buffers: 1 (0) / strings = 40 / storage = 552 B / avg = 13 B
# current buf: size = 8162 B / used = 552 B / count = 40 / avg = 13 B

# strcache performance: lookups = 63 / hit rate = 36%
# hash-table stats:
# Load=40/8192=0%, Rehash=0, Collisions=0/63=0%
# Finished Make data base on Fri Dec 13 07:09:04 2024

 
